<?xml version="1.0" encoding="UTF-8"?>
<!-- Generated by org.testng.reporters.JUnitReportReporter -->
<testsuite hostname="LAPTOP-ST4CJVNU" failures="0" tests="1" name="com.company.app.my_maven_app.NewTest" time="4.286" errors="0" timestamp="2022-08-28T11:11:55 IST" skipped="0">
  <testcase classname="com.company.app.my_maven_app.NewTest" name="launchChrome" time="4.286"/>
  <system-out/>
</testsuite> <!-- com.company.app.my_maven_app.NewTest -->
