<?xml version="1.0" encoding="UTF-8"?>
<!-- Generated by org.testng.reporters.JUnitReportReporter -->
<testsuite hostname="LAPTOP-ST4CJVNU" failures="0" tests="4" name="TestNGProgrames.Dependency_On_Methods" time="4.746" errors="0" timestamp="2022-07-28T10:04:06 IST" skipped="0">
  <testcase classname="TestNGProgrames.Dependency_On_Methods" name="launchBrowser" time="4.304"/>
  <system-out/>
  <testcase classname="TestNGProgrames.Dependency_On_Methods" name="teardown" time="0.158"/>
  <system-out/>
  <testcase classname="TestNGProgrames.Dependency_On_Methods" name="login" time="0.275"/>
  <system-out/>
  <testcase classname="TestNGProgrames.Dependency_On_Methods" name="checkTitle" time="0.009"/>
  <system-out/>
</testsuite> <!-- TestNGProgrames.Dependency_On_Methods -->
