<?xml version="1.0" encoding="UTF-8"?>
<!-- Generated by org.testng.reporters.JUnitReportReporter -->
<testsuite hostname="LAPTOP-ST4CJVNU" failures="0" tests="4" name="TestNGPractice._9_ChildClass" time="8.934" errors="0" timestamp="2022-08-04T08:51:40 IST" skipped="0">
  <testcase classname="TestNGPractice._9_ChildClass" name="login" time="0.245"/>
  <system-out/>
  <testcase classname="TestNGPractice._9_ChildClass" name="teardown" time="4.209"/>
  <system-out/>
  <testcase classname="TestNGPractice._9_ChildClass" name="launchBrowser" time="4.465"/>
  <system-out/>
  <testcase classname="TestNGPractice._9_ChildClass" name="checkTitile" time="0.015"/>
  <system-out/>
</testsuite> <!-- TestNGPractice._9_ChildClass -->
