<?xml version="1.0" encoding="UTF-8"?>
<!-- Generated by org.testng.reporters.JUnitReportReporter -->
<testsuite hostname="LAPTOP-ST4CJVNU" failures="0" tests="2" name="TestNGPractice._92_ParametersDemo" time="0.018" errors="0" timestamp="2022-08-04T10:19:19 IST" skipped="0">
  <testcase classname="TestNGPractice._92_ParametersDemo" name="diff" time="0.001"/>
  <system-out/>
  <testcase classname="TestNGPractice._92_ParametersDemo" name="addition" time="0.017"/>
  <system-out/>
</testsuite> <!-- TestNGPractice._92_ParametersDemo -->
