<?xml version="1.0" encoding="UTF-8"?>
<!-- Generated by org.testng.reporters.JUnitReportReporter -->
<testsuite hostname="LAPTOP-ST4CJVNU" failures="0" tests="3" name="TestNGProgrames.FirstTest" time="7.197" errors="0" timestamp="2022-07-26T16:42:18 IST" skipped="0">
  <testcase classname="TestNGProgrames.FirstTest" name="LaunchBrowser" time="2.756"/>
  <system-out/>
  <testcase classname="TestNGProgrames.FirstTest" name="login" time="0.276"/>
  <system-out/>
  <testcase classname="TestNGProgrames.FirstTest" name="teardown" time="4.165"/>
  <system-out/>
</testsuite> <!-- TestNGProgrames.FirstTest -->
