<?xml version="1.0" encoding="UTF-8"?>
<!-- Generated by org.testng.reporters.JUnitReportReporter -->
<testsuite hostname="LAPTOP-ST4CJVNU" failures="0" tests="3" name="TestNGPractice._93_ParameterStringType" time="18.586" errors="0" timestamp="2022-08-04T09:58:00 IST" skipped="0">
  <testcase classname="TestNGPractice._93_ParameterStringType" name="f" time="5.258"/>
  <system-out/>
  <testcase classname="TestNGPractice._93_ParameterStringType" name="f" time="7.971"/>
  <system-out/>
  <testcase classname="TestNGPractice._93_ParameterStringType" name="f" time="5.357"/>
  <system-out/>
</testsuite> <!-- TestNGPractice._93_ParameterStringType -->
