<?xml version="1.0" encoding="UTF-8"?>
<!-- Generated by org.testng.reporters.JUnitReportReporter -->
<testsuite hostname="LAPTOP-ST4CJVNU" failures="0" tests="4" name="TestNGProgrames.GroupTest" time="8.353" errors="0" timestamp="2022-07-28T08:14:37 IST" skipped="0">
  <testcase classname="TestNGProgrames.GroupTest" name="launchBrowser" time="3.904"/>
  <system-out/>
  <testcase classname="TestNGProgrames.GroupTest" name="checkTitle" time="0.013"/>
  <system-out/>
  <testcase classname="TestNGProgrames.GroupTest" name="login" time="0.239"/>
  <system-out/>
  <testcase classname="TestNGProgrames.GroupTest" name="teardown" time="4.197"/>
  <system-out/>
</testsuite> <!-- TestNGProgrames.GroupTest -->
