<?xml version="1.0" encoding="UTF-8"?>
<!-- Generated by org.testng.reporters.JUnitReportReporter -->
<testsuite hostname="LAPTOP-ST4CJVNU" failures="0" tests="4" name="TestNGPractice._6_DependsOnMethods" time="3.618" errors="0" timestamp="2022-08-05T11:20:05 IST" skipped="0">
  <testcase classname="TestNGPractice._6_DependsOnMethods" name="checkTitile" time="0.011"/>
  <system-out/>
  <testcase classname="TestNGPractice._6_DependsOnMethods" name="teardown" time="0.146"/>
  <system-out/>
  <testcase classname="TestNGPractice._6_DependsOnMethods" name="login" time="0.152"/>
  <system-out/>
  <testcase classname="TestNGPractice._6_DependsOnMethods" name="launchBrowser" time="3.309"/>
  <system-out/>
</testsuite> <!-- TestNGPractice._6_DependsOnMethods -->
