<?xml version="1.0" encoding="UTF-8"?>
<!-- Generated by org.testng.reporters.JUnitReportReporter -->
<testsuite hostname="LAPTOP-ST4CJVNU" failures="0" tests="1" name="TestNGProgrames.NewTest" time="5.919" errors="0" timestamp="2022-07-28T08:47:01 IST" skipped="0">
  <testcase classname="TestNGProgrames.NewTest" name="launchEdge" time="5.919"/>
  <system-out/>
</testsuite> <!-- TestNGProgrames.NewTest -->
