<?xml version="1.0" encoding="UTF-8"?>
<!-- Generated by org.testng.reporters.JUnitReportReporter -->
<testsuite hostname="LAPTOP-ST4CJVNU" failures="0" tests="2" name="TestNGProgrames.SecondTest" time="4.495" errors="0" timestamp="2022-07-28T08:07:37 IST" skipped="0">
  <testcase classname="TestNGProgrames.SecondTest" name="login" time="0.331"/>
  <system-out/>
  <testcase classname="TestNGProgrames.SecondTest" name="launchBrowser" time="4.164"/>
  <system-out/>
</testsuite> <!-- TestNGProgrames.SecondTest -->
