<?xml version="1.0" encoding="UTF-8"?>
<!-- Generated by org.testng.reporters.JUnitReportReporter -->
<testsuite hostname="LAPTOP-ST4CJVNU" failures="0" tests="4" name="TestNGPractice._10_GroupDependency" time="4.388" errors="0" timestamp="2022-08-04T09:04:58 IST" skipped="0">
  <testcase classname="TestNGPractice._10_GroupDependency" name="launchBrowser" time="3.940"/>
  <system-out/>
  <testcase classname="TestNGPractice._10_GroupDependency" name="checkTitile" time="0.015"/>
  <system-out/>
  <testcase classname="TestNGPractice._10_GroupDependency" name="login" time="0.277"/>
  <system-out/>
  <testcase classname="TestNGPractice._10_GroupDependency" name="teardown" time="0.156"/>
  <system-out/>
</testsuite> <!-- TestNGPractice._10_GroupDependency -->
