<?xml version="1.0" encoding="UTF-8"?>
<!-- Generated by org.testng.reporters.JUnitReportReporter -->
<testsuite hostname="LAPTOP-ST4CJVNU" failures="0" tests="2" name="TestNGPractice._3_AnnotationsTest" time="0.011" errors="0" timestamp="2022-08-03T09:57:21 IST" skipped="0">
  <testcase classname="TestNGPractice._3_AnnotationsTest" name="s" time="0.003"/>
  <system-out/>
  <testcase classname="TestNGPractice._3_AnnotationsTest" name="f" time="0.008"/>
  <system-out/>
</testsuite> <!-- TestNGPractice._3_AnnotationsTest -->
