<?xml version="1.0" encoding="UTF-8"?>
<!-- Generated by org.testng.reporters.JUnitReportReporter -->
<testsuite hostname="LAPTOP-ST4CJVNU" failures="0" tests="1" name="TestNGPractice._94_ParameterMul" time="0.002" errors="0" timestamp="2022-08-04T10:19:19 IST" skipped="0">
  <testcase classname="TestNGPractice._94_ParameterMul" name="Mul" time="0.002"/>
  <system-out/>
</testsuite> <!-- TestNGPractice._94_ParameterMul -->
