<?xml version="1.0" encoding="UTF-8"?>
<!-- Generated by org.testng.reporters.JUnitReportReporter -->
<testsuite hostname="LAPTOP-ST4CJVNU" failures="0" tests="2" name="TestNGPractice._7_DependsOnGroups" time="0.013" errors="0" timestamp="2022-08-03T11:54:56 IST" skipped="0">
  <testcase classname="TestNGPractice._7_DependsOnGroups" name="viewAccount" time="0.001"/>
  <system-out/>
  <testcase classname="TestNGPractice._7_DependsOnGroups" name="login" time="0.012"/>
  <system-out/>
</testsuite> <!-- TestNGPractice._7_DependsOnGroups -->
