<?xml version="1.0" encoding="UTF-8"?>
<!-- Generated by org.testng.reporters.JUnitReportReporter -->
<testsuite hostname="LAPTOP-ST4CJVNU" failures="0" tests="2" name="TestNGProgrames.Dependency_On_Groups" time="0.005" errors="0" timestamp="2022-08-03T11:54:45 IST" skipped="0">
  <testcase classname="TestNGProgrames.Dependency_On_Groups" name="login" time="0.001"/>
  <system-out/>
  <testcase classname="TestNGProgrames.Dependency_On_Groups" name="viewAccount" time="0.004"/>
  <system-out/>
</testsuite> <!-- TestNGProgrames.Dependency_On_Groups -->
