<?xml version="1.0" encoding="UTF-8"?>
<!-- Generated by org.testng.reporters.JUnitReportReporter -->
<testsuite hostname="LAPTOP-ST4CJVNU" failures="0" tests="1" name="TestNGProgrames.DepeendencyOnGropus_Inheritance_ParentClass" time="3.010" errors="0" timestamp="2022-07-28T09:37:43 IST" skipped="0">
  <testcase classname="TestNGProgrames.DepeendencyOnGropus_Inheritance_ParentClass" name="launchBrowser" time="3.010"/>
  <system-out/>
</testsuite> <!-- TestNGProgrames.DepeendencyOnGropus_Inheritance_ParentClass -->
