<?xml version="1.0" encoding="UTF-8"?>
<!-- Generated by org.testng.reporters.JUnitReportReporter -->
<testsuite hostname="LAPTOP-ST4CJVNU" failures="0" tests="3" name="TestNGPractice._993_xyz" time="0.004" errors="0" timestamp="2022-08-05T11:40:07 IST" skipped="0">
  <testcase classname="TestNGPractice._993_xyz" name="launchBroswer" time="0.001"/>
  <system-out/>
  <testcase classname="TestNGPractice._993_xyz" name="login" time="0.001"/>
  <system-out/>
  <testcase classname="TestNGPractice._993_xyz" name="checktitle" time="0.002"/>
  <system-out/>
</testsuite> <!-- TestNGPractice._993_xyz -->
