<?xml version="1.0" encoding="UTF-8"?>
<!-- Generated by org.testng.reporters.JUnitReportReporter -->
<testsuite hostname="LAPTOP-ST4CJVNU" failures="0" tests="2" name="TestNGPractice._9_5OptionalParameters" time="0.019" errors="0" timestamp="2022-08-04T10:41:50 IST" skipped="0">
  <testcase classname="TestNGPractice._9_5OptionalParameters" name="opt" time="0.013"/>
  <system-out/>
  <testcase classname="TestNGPractice._9_5OptionalParameters" name="sum" time="0.006"/>
  <system-out/>
</testsuite> <!-- TestNGPractice._9_5OptionalParameters -->
