<?xml version="1.0" encoding="UTF-8"?>
<!-- Generated by org.testng.reporters.JUnitReportReporter -->
<testsuite hostname="LAPTOP-ST4CJVNU" failures="0" tests="4" name="TestNGProgrames.DependencyOnGroups_Inheritance_ChildClass" time="8.272" errors="0" timestamp="2022-07-28T09:39:23 IST" skipped="0">
  <testcase classname="TestNGProgrames.DependencyOnGroups_Inheritance_ChildClass" name="checkTitle" time="0.012"/>
  <system-out/>
  <testcase classname="TestNGProgrames.DependencyOnGroups_Inheritance_ChildClass" name="teardown" time="4.180"/>
  <system-out/>
  <testcase classname="TestNGProgrames.DependencyOnGroups_Inheritance_ChildClass" name="launchBrowser" time="3.825"/>
  <system-out/>
  <testcase classname="TestNGProgrames.DependencyOnGroups_Inheritance_ChildClass" name="login" time="0.255"/>
  <system-out/>
</testsuite> <!-- TestNGProgrames.DependencyOnGroups_Inheritance_ChildClass -->
