<?xml version="1.0" encoding="UTF-8"?>
<!-- Generated by org.testng.reporters.JUnitReportReporter -->
<testsuite hostname="LAPTOP-ST4CJVNU" failures="0" tests="2" name="TestNGPractice._992_Demo$Dependent" time="0.008" errors="0" timestamp="2022-08-05T11:27:37 IST" skipped="0">
  <testcase classname="TestNGPractice._992_Demo$Dependent" name="LogIn" time="0.007"/>
  <system-out/>
  <testcase classname="TestNGPractice._992_Demo$Dependent" name="ViewAcc" time="0.001"/>
  <system-out/>
</testsuite> <!-- TestNGPractice._992_Demo$Dependent -->
