<?xml version="1.0" encoding="UTF-8"?>
<!-- Generated by org.testng.reporters.JUnitReportReporter -->
<testsuite hostname="LAPTOP-ST4CJVNU" failures="0" tests="4" name="TestNGProgrames.Dependency" time="8.795" errors="0" timestamp="2022-07-28T09:17:57 IST" skipped="0">
  <testcase classname="TestNGProgrames.Dependency" name="launchBrowser" time="4.359"/>
  <system-out/>
  <testcase classname="TestNGProgrames.Dependency" name="teardown" time="4.163"/>
  <system-out/>
  <testcase classname="TestNGProgrames.Dependency" name="login" time="0.258"/>
  <system-out/>
  <testcase classname="TestNGProgrames.Dependency" name="checkTitle" time="0.015"/>
  <system-out/>
</testsuite> <!-- TestNGProgrames.Dependency -->
