<?xml version="1.0" encoding="UTF-8"?>
<!-- Generated by org.testng.reporters.JUnitReportReporter -->
<testsuite hostname="LAPTOP-ST4CJVNU" failures="0" tests="2" name="TestNGPractice.FirstTest" time="4.044" errors="0" timestamp="2022-08-03T09:11:22 IST" skipped="0">
  <testcase classname="TestNGPractice.FirstTest" name="second" time="0.268"/>
  <system-out/>
  <testcase classname="TestNGPractice.FirstTest" name="first" time="3.776"/>
  <system-out/>
</testsuite> <!-- TestNGPractice.FirstTest -->
