<?xml version="1.0" encoding="UTF-8"?>
<!-- Generated by org.testng.reporters.JUnitReportReporter -->
<testsuite hostname="LAPTOP-ST4CJVNU" failures="0" tests="4" name="TestNGProgrames.xyz" time="0.021" errors="0" timestamp="2022-07-28T10:23:52 IST" skipped="0">
  <testcase classname="TestNGProgrames.xyz" name="division" time="0.017"/>
  <system-out/>
  <testcase classname="TestNGProgrames.xyz" name="division" time="0.001"/>
  <system-out/>
  <testcase classname="TestNGProgrames.xyz" name="sum" time="0.002"/>
  <system-out/>
  <testcase classname="TestNGProgrames.xyz" name="sum" time="0.001"/>
  <system-out/>
</testsuite> <!-- TestNGProgrames.xyz -->
