<?xml version="1.0" encoding="UTF-8"?>
<!-- Generated by org.testng.reporters.JUnitReportReporter -->
<testsuite hostname="LAPTOP-ST4CJVNU" failures="0" tests="1" name="TestNGProgrames.DependencyOnGropus_Inheritance_ParentClass" time="3.242" errors="0" timestamp="2022-07-28T09:39:23 IST" skipped="0">
  <testcase classname="TestNGProgrames.DependencyOnGropus_Inheritance_ParentClass" name="launchBrowser" time="3.242"/>
  <system-out/>
</testsuite> <!-- TestNGProgrames.DependencyOnGropus_Inheritance_ParentClass -->
