<?xml version="1.0" encoding="UTF-8"?>
<!-- Generated by org.testng.reporters.JUnitReportReporter -->
<testsuite hostname="LAPTOP-ST4CJVNU" failures="0" tests="2" name="TestNGPractice._95_OptionalParameters" time="0.033" errors="0" timestamp="2022-08-05T12:47:09 IST" skipped="0">
  <testcase classname="TestNGPractice._95_OptionalParameters" name="opt" time="0.011"/>
  <system-out/>
  <testcase classname="TestNGPractice._95_OptionalParameters" name="sum" time="0.022"/>
  <system-out/>
</testsuite> <!-- TestNGPractice._95_OptionalParameters -->
