<?xml version="1.0" encoding="UTF-8"?>
<!-- Generated by org.testng.reporters.JUnitReportReporter -->
<testsuite hostname="LAPTOP-ST4CJVNU" failures="0" tests="14" name="TestNGProgrames.DetaProviderTest" time="0.031" errors="0" timestamp="2022-07-28T16:57:17 IST" skipped="0">
  <testcase classname="TestNGProgrames.DetaProviderTest" name="f" time="0.002"/>
  <system-out/>
  <testcase classname="TestNGProgrames.DetaProviderTest" name="f" time="0.001"/>
  <system-out/>
  <testcase classname="TestNGProgrames.DetaProviderTest" name="f" time="0.001"/>
  <system-out/>
  <testcase classname="TestNGProgrames.DetaProviderTest" name="f" time="0.001"/>
  <system-out/>
  <testcase classname="TestNGProgrames.DetaProviderTest" name="f" time="0.001"/>
  <system-out/>
  <testcase classname="TestNGProgrames.DetaProviderTest" name="f" time="0.002"/>
  <system-out/>
  <testcase classname="TestNGProgrames.DetaProviderTest" name="f" time="0.001"/>
  <system-out/>
  <testcase classname="TestNGProgrames.DetaProviderTest" name="f" time="0.001"/>
  <system-out/>
  <testcase classname="TestNGProgrames.DetaProviderTest" name="f" time="0.002"/>
  <system-out/>
  <testcase classname="TestNGProgrames.DetaProviderTest" name="f" time="0.001"/>
  <system-out/>
  <testcase classname="TestNGProgrames.DetaProviderTest" name="f" time="0.001"/>
  <system-out/>
  <testcase classname="TestNGProgrames.DetaProviderTest" name="f" time="0.014"/>
  <system-out/>
  <testcase classname="TestNGProgrames.DetaProviderTest" name="f" time="0.001"/>
  <system-out/>
  <testcase classname="TestNGProgrames.DetaProviderTest" name="f" time="0.002"/>
  <system-out/>
</testsuite> <!-- TestNGProgrames.DetaProviderTest -->
