<?xml version="1.0" encoding="UTF-8"?>
<!-- Generated by org.testng.reporters.JUnitReportReporter -->
<testsuite hostname="LAPTOP-ST4CJVNU" failures="0" tests="2" name="TestNGProgrames.AnnotationTest" time="0.010" errors="0" timestamp="2022-07-26T17:04:33 IST" skipped="0">
  <testcase classname="TestNGProgrames.AnnotationTest" name="s" time="0.002"/>
  <system-out/>
  <testcase classname="TestNGProgrames.AnnotationTest" name="f" time="0.008"/>
  <system-out/>
</testsuite> <!-- TestNGProgrames.AnnotationTest -->
