<?xml version="1.0" encoding="UTF-8"?>
<!-- Generated by org.testng.reporters.JUnitReportReporter -->
<testsuite hostname="LAPTOP-ST4CJVNU" failures="0" tests="1" name="TestNGProgrames.xyz_2" time="0.001" errors="0" timestamp="2022-07-28T10:23:52 IST" skipped="0">
  <testcase classname="TestNGProgrames.xyz_2" name="multiplication" time="0.001"/>
  <system-out/>
</testsuite> <!-- TestNGProgrames.xyz_2 -->
