<?xml version="1.0" encoding="UTF-8"?>
<!-- Generated by org.testng.reporters.JUnitReportReporter -->
<testsuite hostname="LAPTOP-ST4CJVNU" failures="0" tests="4" name="TestNGPractice._992_Demo" time="0.019" errors="0" timestamp="2022-08-05T12:23:10 IST" skipped="0">
  <testcase classname="TestNGPractice._992_Demo" name="launchBrowser" time="0.014"/>
  <system-out/>
  <testcase classname="TestNGPractice._992_Demo" name="teardown" time="0.002"/>
  <system-out/>
  <testcase classname="TestNGPractice._992_Demo" name="checkTitile" time="0.001"/>
  <system-out/>
  <testcase classname="TestNGPractice._992_Demo" name="login" time="0.002"/>
  <system-out/>
</testsuite> <!-- TestNGPractice._992_Demo -->
