<?xml version="1.0" encoding="UTF-8"?>
<!-- Generated by org.testng.reporters.JUnitReportReporter -->
<testsuite hostname="LAPTOP-ST4CJVNU" failures="0" tests="6" name="TestNGPractice._96_DataProvider" time="0.023" errors="0" timestamp="2022-08-04T10:53:49 IST" skipped="0">
  <testcase classname="TestNGPractice._96_DataProvider" name="f" time="0.001"/>
  <system-out/>
  <testcase classname="TestNGPractice._96_DataProvider" name="f" time="0.001"/>
  <system-out/>
  <testcase classname="TestNGPractice._96_DataProvider" name="f" time="0.007"/>
  <system-out/>
  <testcase classname="TestNGPractice._96_DataProvider" name="f" time="0.012"/>
  <system-out/>
  <testcase classname="TestNGPractice._96_DataProvider" name="f" time="0.001"/>
  <system-out/>
  <testcase classname="TestNGPractice._96_DataProvider" name="f" time="0.001"/>
  <system-out/>
</testsuite> <!-- TestNGPractice._96_DataProvider -->
