<?xml version="1.0" encoding="UTF-8"?>
<!-- Generated by org.testng.reporters.JUnitReportReporter -->
<testsuite hostname="LAPTOP-ST4CJVNU" failures="0" tests="4" name="TestNGProgrames.dependencyDemo" time="5.271" errors="0" timestamp="2022-07-26T18:37:34 IST" skipped="0">
  <testcase classname="TestNGProgrames.dependencyDemo" name="teardown" time="0.271"/>
  <system-out/>
  <testcase classname="TestNGProgrames.dependencyDemo" name="checkTitle" time="0.003"/>
  <system-out/>
  <testcase classname="TestNGProgrames.dependencyDemo" name="login" time="0.648"/>
  <system-out/>
  <testcase classname="TestNGProgrames.dependencyDemo" name="launchBrowser" time="4.349"/>
  <system-out/>
</testsuite> <!-- TestNGProgrames.dependencyDemo -->
