<?xml version="1.0" encoding="UTF-8"?>
<!-- Generated by org.testng.reporters.JUnitReportReporter -->
<testsuite hostname="LAPTOP-ST4CJVNU" failures="0" tests="3" name="TestNGProgrames.ParamterForMultipleTests" time="0.037" errors="0" timestamp="2022-07-27T17:23:00 IST" skipped="0">
  <testcase classname="TestNGProgrames.ParamterForMultipleTests" name="f" time="0.002"/>
  <system-out/>
  <testcase classname="TestNGProgrames.ParamterForMultipleTests" name="f" time="0.032"/>
  <system-out/>
  <testcase classname="TestNGProgrames.ParamterForMultipleTests" name="f" time="0.003"/>
  <system-out/>
</testsuite> <!-- TestNGProgrames.ParamterForMultipleTests -->
