<?xml version="1.0" encoding="UTF-8"?>
<!-- Generated by org.testng.reporters.JUnitReportReporter -->
<testsuite hostname="LAPTOP-ST4CJVNU" failures="0" tests="2" name="TestNGProgrames.ParameterDemo" time="0.017" errors="0" timestamp="2022-07-27T17:38:55 IST" skipped="0">
  <testcase classname="TestNGProgrames.ParameterDemo" name="division" time="0.016"/>
  <system-out/>
  <testcase classname="TestNGProgrames.ParameterDemo" name="sum" time="0.001"/>
  <system-out/>
</testsuite> <!-- TestNGProgrames.ParameterDemo -->
