<?xml version="1.0" encoding="UTF-8"?>
<!-- Generated by org.testng.reporters.JUnitReportReporter -->
<testsuite hostname="LAPTOP-ST4CJVNU" failures="0" tests="1" name="TestNGPractice._8_ParentClass" time="3.017" errors="0" timestamp="2022-08-04T08:51:40 IST" skipped="0">
  <testcase classname="TestNGPractice._8_ParentClass" name="launchBrowser" time="3.017"/>
  <system-out/>
</testsuite> <!-- TestNGPractice._8_ParentClass -->
