<?xml version="1.0" encoding="UTF-8"?>
<!-- Generated by org.testng.reporters.JUnitReportReporter -->
<testsuite hostname="LAPTOP-ST4CJVNU" failures="0" tests="4" name="TestNGPractice._5_GroupTest" time="3.992" errors="0" timestamp="2022-08-03T11:33:15 IST" skipped="1">
  <testcase classname="TestNGPractice._5_GroupTest" name="launchBrowser" time="3.573"/>
  <system-out/>
  <testcase classname="TestNGPractice._5_GroupTest" name="login" time="0.230"/>
  <system-out/>
  <testcase classname="TestNGPractice._5_GroupTest" name="teardown" time="0.189"/>
  <system-out/>
  <testcase classname="TestNGPractice._5_GroupTest" name="checkTitile">
    <skipped/>
  </testcase> <!-- checkTitile -->
  <system-out/>
</testsuite> <!-- TestNGPractice._5_GroupTest -->
