<?xml version="1.0" encoding="UTF-8"?>
<!-- Generated by org.testng.reporters.JUnitReportReporter -->
<testsuite hostname="LAPTOP-ST4CJVNU" failures="0" tests="1" name="TestNGPractice._2_NewTest" time="4.900" errors="0" timestamp="2022-08-03T09:39:31 IST" skipped="0">
  <testcase classname="TestNGPractice._2_NewTest" name="launchChrome" time="4.900"/>
  <system-out/>
</testsuite> <!-- TestNGPractice._2_NewTest -->
