<?xml version="1.0" encoding="UTF-8"?>
<!-- Generated by org.testng.reporters.JUnitReportReporter -->
<testsuite hostname="LAPTOP-ST4CJVNU" failures="0" tests="2" name="com.company.app.my_maven_app.NewTest" time="5.361" errors="0" timestamp="2022-08-28T11:08:24 IST" skipped="0">
  <testcase classname="com.company.app.my_maven_app.NewTest" name="f" time="0.017"/>
  <system-out/>
  <testcase classname="com.company.app.my_maven_app.NewTest" name="launchChrome" time="5.344"/>
  <system-out/>
</testsuite> <!-- com.company.app.my_maven_app.NewTest -->
