<?xml version="1.0" encoding="UTF-8"?>
<!-- Generated by org.testng.reporters.JUnitReportReporter -->
<testsuite hostname="LAPTOP-ST4CJVNU" failures="0" tests="1" name="com.company.app.my_maven_app.AppTest" time="0.010" errors="0" timestamp="2022-08-28T11:12:50 IST" skipped="0">
  <testcase classname="com.company.app.my_maven_app.AppTest" name="shouldAnswerWithTrue" time="0.010"/>
  <system-out/>
</testsuite> <!-- com.company.app.my_maven_app.AppTest -->
